<?xml version="1.0" encoding="UTF-8"?>
<testsuite xmlns:xsi="http://www.w3.org/2001/XMLSchema-instance" xsi:noNamespaceSchemaLocation="https://maven.apache.org/surefire/maven-surefire-plugin/xsd/surefire-test-report-3.0.xsd" version="3.0" name="runners.MyRunnerTest" time="26.135" tests="1" errors="0" skipped="0" failures="1">
  <properties>
    <property name="java.specification.version" value="22"/>
    <property name="sun.cpu.isalist" value="amd64"/>
    <property name="sun.jnu.encoding" value="Cp1252"/>
    <property name="java.class.path" value="C:\Users\OPTIPLEX 3040\eclipse-workspace\appiumCucumberFramework\target\test-classes;C:\Users\OPTIPLEX 3040\eclipse-workspace\appiumCucumberFramework\target\classes;C:\Users\OPTIPLEX 3040\.m2\repository\io\cucumber\cucumber-java\7.18.1\cucumber-java-7.18.1.jar;C:\Users\OPTIPLEX 3040\.m2\repository\io\cucumber\cucumber-core\7.18.1\cucumber-core-7.18.1.jar;C:\Users\OPTIPLEX 3040\.m2\repository\io\cucumber\cucumber-gherkin\7.18.1\cucumber-gherkin-7.18.1.jar;C:\Users\OPTIPLEX 3040\.m2\repository\io\cucumber\cucumber-gherkin-messages\7.18.1\cucumber-gherkin-messages-7.18.1.jar;C:\Users\OPTIPLEX 3040\.m2\repository\io\cucumber\gherkin\28.0.0\gherkin-28.0.0.jar;C:\Users\OPTIPLEX 3040\.m2\repository\io\cucumber\messages\24.1.0\messages-24.1.0.jar;C:\Users\OPTIPLEX 3040\.m2\repository\io\cucumber\testng-xml-formatter\0.2.0\testng-xml-formatter-0.2.0.jar;C:\Users\OPTIPLEX 3040\.m2\repository\io\cucumber\query\12.2.0\query-12.2.0.jar;C:\Users\OPTIPLEX 3040\.m2\repository\io\cucumber\tag-expressions\6.1.0\tag-expressions-6.1.0.jar;C:\Users\OPTIPLEX 3040\.m2\repository\io\cucumber\cucumber-expressions\17.1.0\cucumber-expressions-17.1.0.jar;C:\Users\OPTIPLEX 3040\.m2\repository\io\cucumber\datatable\7.18.1\datatable-7.18.1.jar;C:\Users\OPTIPLEX 3040\.m2\repository\io\cucumber\cucumber-plugin\7.18.1\cucumber-plugin-7.18.1.jar;C:\Users\OPTIPLEX 3040\.m2\repository\io\cucumber\docstring\7.18.1\docstring-7.18.1.jar;C:\Users\OPTIPLEX 3040\.m2\repository\io\cucumber\html-formatter\21.4.1\html-formatter-21.4.1.jar;C:\Users\OPTIPLEX 3040\.m2\repository\io\cucumber\junit-xml-formatter\0.5.0\junit-xml-formatter-0.5.0.jar;C:\Users\OPTIPLEX 3040\.m2\repository\io\cucumber\ci-environment\10.0.1\ci-environment-10.0.1.jar;C:\Users\OPTIPLEX 3040\.m2\repository\org\apiguardian\apiguardian-api\1.1.2\apiguardian-api-1.1.2.jar;C:\Users\OPTIPLEX 3040\.m2\repository\io\cucumber\cucumber-junit\7.18.1\cucumber-junit-7.18.1.jar;C:\Users\OPTIPLEX 3040\.m2\repository\junit\junit\4.13.2\junit-4.13.2.jar;C:\Users\OPTIPLEX 3040\.m2\repository\org\hamcrest\hamcrest-core\1.3\hamcrest-core-1.3.jar;C:\Users\OPTIPLEX 3040\.m2\repository\io\appium\java-client\9.2.3\java-client-9.2.3.jar;C:\Users\OPTIPLEX 3040\.m2\repository\org\seleniumhq\selenium\selenium-api\4.23.0\selenium-api-4.23.0.jar;C:\Users\OPTIPLEX 3040\.m2\repository\org\seleniumhq\selenium\selenium-remote-driver\4.23.0\selenium-remote-driver-4.23.0.jar;C:\Users\OPTIPLEX 3040\.m2\repository\com\google\auto\service\auto-service-annotations\1.1.1\auto-service-annotations-1.1.1.jar;C:\Users\OPTIPLEX 3040\.m2\repository\com\google\guava\guava\33.2.1-jre\guava-33.2.1-jre.jar;C:\Users\OPTIPLEX 3040\.m2\repository\com\google\guava\failureaccess\1.0.2\failureaccess-1.0.2.jar;C:\Users\OPTIPLEX 3040\.m2\repository\com\google\guava\listenablefuture\9999.0-empty-to-avoid-conflict-with-guava\listenablefuture-9999.0-empty-to-avoid-conflict-with-guava.jar;C:\Users\OPTIPLEX 3040\.m2\repository\com\google\code\findbugs\jsr305\3.0.2\jsr305-3.0.2.jar;C:\Users\OPTIPLEX 3040\.m2\repository\org\checkerframework\checker-qual\3.42.0\checker-qual-3.42.0.jar;C:\Users\OPTIPLEX 3040\.m2\repository\com\google\j2objc\j2objc-annotations\3.0.0\j2objc-annotations-3.0.0.jar;C:\Users\OPTIPLEX 3040\.m2\repository\io\opentelemetry\semconv\opentelemetry-semconv\1.25.0-alpha\opentelemetry-semconv-1.25.0-alpha.jar;C:\Users\OPTIPLEX 3040\.m2\repository\io\opentelemetry\opentelemetry-api\1.40.0\opentelemetry-api-1.40.0.jar;C:\Users\OPTIPLEX 3040\.m2\repository\io\opentelemetry\opentelemetry-context\1.40.0\opentelemetry-context-1.40.0.jar;C:\Users\OPTIPLEX 3040\.m2\repository\io\opentelemetry\opentelemetry-exporter-logging\1.40.0\opentelemetry-exporter-logging-1.40.0.jar;C:\Users\OPTIPLEX 3040\.m2\repository\io\opentelemetry\opentelemetry-sdk-common\1.40.0\opentelemetry-sdk-common-1.40.0.jar;C:\Users\OPTIPLEX 3040\.m2\repository\io\opentelemetry\opentelemetry-sdk-extension-autoconfigure-spi\1.40.0\opentelemetry-sdk-extension-autoconfigure-spi-1.40.0.jar;C:\Users\OPTIPLEX 3040\.m2\repository\io\opentelemetry\opentelemetry-sdk-extension-autoconfigure\1.40.0\opentelemetry-sdk-extension-autoconfigure-1.40.0.jar;C:\Users\OPTIPLEX 3040\.m2\repository\io\opentelemetry\opentelemetry-api-incubator\1.40.0-alpha\opentelemetry-api-incubator-1.40.0-alpha.jar;C:\Users\OPTIPLEX 3040\.m2\repository\io\opentelemetry\opentelemetry-sdk-trace\1.40.0\opentelemetry-sdk-trace-1.40.0.jar;C:\Users\OPTIPLEX 3040\.m2\repository\io\opentelemetry\opentelemetry-sdk\1.40.0\opentelemetry-sdk-1.40.0.jar;C:\Users\OPTIPLEX 3040\.m2\repository\io\opentelemetry\opentelemetry-sdk-metrics\1.40.0\opentelemetry-sdk-metrics-1.40.0.jar;C:\Users\OPTIPLEX 3040\.m2\repository\io\opentelemetry\opentelemetry-sdk-logs\1.40.0\opentelemetry-sdk-logs-1.40.0.jar;C:\Users\OPTIPLEX 3040\.m2\repository\net\bytebuddy\byte-buddy\1.14.18\byte-buddy-1.14.18.jar;C:\Users\OPTIPLEX 3040\.m2\repository\org\seleniumhq\selenium\selenium-http\4.23.0\selenium-http-4.23.0.jar;C:\Users\OPTIPLEX 3040\.m2\repository\dev\failsafe\failsafe\3.3.2\failsafe-3.3.2.jar;C:\Users\OPTIPLEX 3040\.m2\repository\org\seleniumhq\selenium\selenium-json\4.23.0\selenium-json-4.23.0.jar;C:\Users\OPTIPLEX 3040\.m2\repository\org\seleniumhq\selenium\selenium-manager\4.23.0\selenium-manager-4.23.0.jar;C:\Users\OPTIPLEX 3040\.m2\repository\org\seleniumhq\selenium\selenium-os\4.23.0\selenium-os-4.23.0.jar;C:\Users\OPTIPLEX 3040\.m2\repository\org\apache\commons\commons-exec\1.4.0\commons-exec-1.4.0.jar;C:\Users\OPTIPLEX 3040\.m2\repository\org\seleniumhq\selenium\selenium-support\4.23.0\selenium-support-4.23.0.jar;C:\Users\OPTIPLEX 3040\.m2\repository\com\google\code\gson\gson\2.11.0\gson-2.11.0.jar;C:\Users\OPTIPLEX 3040\.m2\repository\com\google\errorprone\error_prone_annotations\2.27.0\error_prone_annotations-2.27.0.jar;C:\Users\OPTIPLEX 3040\.m2\repository\org\slf4j\slf4j-api\2.0.13\slf4j-api-2.0.13.jar;C:\Users\OPTIPLEX 3040\.m2\repository\org\json\json\20240303\json-20240303.jar;C:\Users\OPTIPLEX 3040\.m2\repository\org\apache\logging\log4j\log4j-api\2.23.1\log4j-api-2.23.1.jar;C:\Users\OPTIPLEX 3040\.m2\repository\org\apache\logging\log4j\log4j-core\2.23.1\log4j-core-2.23.1.jar;C:\Users\OPTIPLEX 3040\.m2\repository\commons-codec\commons-codec\1.17.1\commons-codec-1.17.1.jar;C:\Users\OPTIPLEX 3040\.m2\repository\commons-io\commons-io\2.16.1\commons-io-2.16.1.jar;C:\Users\OPTIPLEX 3040\.m2\repository\org\apache\maven\plugins\maven-surefire-plugin\3.3.1\maven-surefire-plugin-3.3.1.jar;C:\Users\OPTIPLEX 3040\.m2\repository\org\apache\maven\surefire\surefire-api\3.3.1\surefire-api-3.3.1.jar;C:\Users\OPTIPLEX 3040\.m2\repository\org\apache\maven\surefire\surefire-logger-api\3.3.1\surefire-logger-api-3.3.1.jar;C:\Users\OPTIPLEX 3040\.m2\repository\org\apache\maven\surefire\surefire-shared-utils\3.3.1\surefire-shared-utils-3.3.1.jar;C:\Users\OPTIPLEX 3040\.m2\repository\org\apache\maven\surefire\surefire-extensions-api\3.3.1\surefire-extensions-api-3.3.1.jar;C:\Users\OPTIPLEX 3040\.m2\repository\org\apache\maven\surefire\maven-surefire-common\3.3.1\maven-surefire-common-3.3.1.jar;C:\Users\OPTIPLEX 3040\.m2\repository\org\apache\maven\surefire\surefire-booter\3.3.1\surefire-booter-3.3.1.jar;C:\Users\OPTIPLEX 3040\.m2\repository\org\apache\maven\surefire\surefire-extensions-spi\3.3.1\surefire-extensions-spi-3.3.1.jar;C:\Users\OPTIPLEX 3040\.m2\repository\org\apache\maven\resolver\maven-resolver-util\1.4.1\maven-resolver-util-1.4.1.jar;C:\Users\OPTIPLEX 3040\.m2\repository\org\apache\maven\resolver\maven-resolver-api\1.4.1\maven-resolver-api-1.4.1.jar;C:\Users\OPTIPLEX 3040\.m2\repository\org\apache\maven\shared\maven-common-artifact-filters\3.4.0\maven-common-artifact-filters-3.4.0.jar;C:\Users\OPTIPLEX 3040\.m2\repository\org\codehaus\plexus\plexus-java\1.2.0\plexus-java-1.2.0.jar;C:\Users\OPTIPLEX 3040\.m2\repository\org\ow2\asm\asm\9.6\asm-9.6.jar;C:\Users\OPTIPLEX 3040\.m2\repository\com\thoughtworks\qdox\qdox\2.0.3\qdox-2.0.3.jar;"/>
    <property name="java.vm.vendor" value="Oracle Corporation"/>
    <property name="deviceName" value="pixel_8_pro"/>
    <property name="sun.arch.data.model" value="64"/>
    <property name="user.variant" value=""/>
    <property name="java.vendor.url" value="https://java.oracle.com/"/>
    <property name="user.timezone" value="Australia/Sydney"/>
    <property name="os.name" value="Windows 11"/>
    <property name="java.vm.specification.version" value="22"/>
    <property name="sun.java.launcher" value="SUN_STANDARD"/>
    <property name="user.country" value="AU"/>
    <property name="sun.boot.library.path" value="C:\Program Files\Java\jdk-22\bin"/>
    <property name="sun.java.command" value="C:\Users\OPTIPLEX 3040\AppData\Local\Temp\surefire14824975066903189389\surefirebooter-20240809141618823_3.jar C:\Users\OPTIPLEX 3040\AppData\Local\Temp\surefire14824975066903189389 2024-08-09T14-16-18_654-jvmRun1 surefire-20240809141618823_1tmp surefire_0-20240809141618823_2tmp"/>
    <property name="jdk.debug" value="release"/>
    <property name="surefire.test.class.path" value="C:\Users\OPTIPLEX 3040\eclipse-workspace\appiumCucumberFramework\target\test-classes;C:\Users\OPTIPLEX 3040\eclipse-workspace\appiumCucumberFramework\target\classes;C:\Users\OPTIPLEX 3040\.m2\repository\io\cucumber\cucumber-java\7.18.1\cucumber-java-7.18.1.jar;C:\Users\OPTIPLEX 3040\.m2\repository\io\cucumber\cucumber-core\7.18.1\cucumber-core-7.18.1.jar;C:\Users\OPTIPLEX 3040\.m2\repository\io\cucumber\cucumber-gherkin\7.18.1\cucumber-gherkin-7.18.1.jar;C:\Users\OPTIPLEX 3040\.m2\repository\io\cucumber\cucumber-gherkin-messages\7.18.1\cucumber-gherkin-messages-7.18.1.jar;C:\Users\OPTIPLEX 3040\.m2\repository\io\cucumber\gherkin\28.0.0\gherkin-28.0.0.jar;C:\Users\OPTIPLEX 3040\.m2\repository\io\cucumber\messages\24.1.0\messages-24.1.0.jar;C:\Users\OPTIPLEX 3040\.m2\repository\io\cucumber\testng-xml-formatter\0.2.0\testng-xml-formatter-0.2.0.jar;C:\Users\OPTIPLEX 3040\.m2\repository\io\cucumber\query\12.2.0\query-12.2.0.jar;C:\Users\OPTIPLEX 3040\.m2\repository\io\cucumber\tag-expressions\6.1.0\tag-expressions-6.1.0.jar;C:\Users\OPTIPLEX 3040\.m2\repository\io\cucumber\cucumber-expressions\17.1.0\cucumber-expressions-17.1.0.jar;C:\Users\OPTIPLEX 3040\.m2\repository\io\cucumber\datatable\7.18.1\datatable-7.18.1.jar;C:\Users\OPTIPLEX 3040\.m2\repository\io\cucumber\cucumber-plugin\7.18.1\cucumber-plugin-7.18.1.jar;C:\Users\OPTIPLEX 3040\.m2\repository\io\cucumber\docstring\7.18.1\docstring-7.18.1.jar;C:\Users\OPTIPLEX 3040\.m2\repository\io\cucumber\html-formatter\21.4.1\html-formatter-21.4.1.jar;C:\Users\OPTIPLEX 3040\.m2\repository\io\cucumber\junit-xml-formatter\0.5.0\junit-xml-formatter-0.5.0.jar;C:\Users\OPTIPLEX 3040\.m2\repository\io\cucumber\ci-environment\10.0.1\ci-environment-10.0.1.jar;C:\Users\OPTIPLEX 3040\.m2\repository\org\apiguardian\apiguardian-api\1.1.2\apiguardian-api-1.1.2.jar;C:\Users\OPTIPLEX 3040\.m2\repository\io\cucumber\cucumber-junit\7.18.1\cucumber-junit-7.18.1.jar;C:\Users\OPTIPLEX 3040\.m2\repository\junit\junit\4.13.2\junit-4.13.2.jar;C:\Users\OPTIPLEX 3040\.m2\repository\org\hamcrest\hamcrest-core\1.3\hamcrest-core-1.3.jar;C:\Users\OPTIPLEX 3040\.m2\repository\io\appium\java-client\9.2.3\java-client-9.2.3.jar;C:\Users\OPTIPLEX 3040\.m2\repository\org\seleniumhq\selenium\selenium-api\4.23.0\selenium-api-4.23.0.jar;C:\Users\OPTIPLEX 3040\.m2\repository\org\seleniumhq\selenium\selenium-remote-driver\4.23.0\selenium-remote-driver-4.23.0.jar;C:\Users\OPTIPLEX 3040\.m2\repository\com\google\auto\service\auto-service-annotations\1.1.1\auto-service-annotations-1.1.1.jar;C:\Users\OPTIPLEX 3040\.m2\repository\com\google\guava\guava\33.2.1-jre\guava-33.2.1-jre.jar;C:\Users\OPTIPLEX 3040\.m2\repository\com\google\guava\failureaccess\1.0.2\failureaccess-1.0.2.jar;C:\Users\OPTIPLEX 3040\.m2\repository\com\google\guava\listenablefuture\9999.0-empty-to-avoid-conflict-with-guava\listenablefuture-9999.0-empty-to-avoid-conflict-with-guava.jar;C:\Users\OPTIPLEX 3040\.m2\repository\com\google\code\findbugs\jsr305\3.0.2\jsr305-3.0.2.jar;C:\Users\OPTIPLEX 3040\.m2\repository\org\checkerframework\checker-qual\3.42.0\checker-qual-3.42.0.jar;C:\Users\OPTIPLEX 3040\.m2\repository\com\google\j2objc\j2objc-annotations\3.0.0\j2objc-annotations-3.0.0.jar;C:\Users\OPTIPLEX 3040\.m2\repository\io\opentelemetry\semconv\opentelemetry-semconv\1.25.0-alpha\opentelemetry-semconv-1.25.0-alpha.jar;C:\Users\OPTIPLEX 3040\.m2\repository\io\opentelemetry\opentelemetry-api\1.40.0\opentelemetry-api-1.40.0.jar;C:\Users\OPTIPLEX 3040\.m2\repository\io\opentelemetry\opentelemetry-context\1.40.0\opentelemetry-context-1.40.0.jar;C:\Users\OPTIPLEX 3040\.m2\repository\io\opentelemetry\opentelemetry-exporter-logging\1.40.0\opentelemetry-exporter-logging-1.40.0.jar;C:\Users\OPTIPLEX 3040\.m2\repository\io\opentelemetry\opentelemetry-sdk-common\1.40.0\opentelemetry-sdk-common-1.40.0.jar;C:\Users\OPTIPLEX 3040\.m2\repository\io\opentelemetry\opentelemetry-sdk-extension-autoconfigure-spi\1.40.0\opentelemetry-sdk-extension-autoconfigure-spi-1.40.0.jar;C:\Users\OPTIPLEX 3040\.m2\repository\io\opentelemetry\opentelemetry-sdk-extension-autoconfigure\1.40.0\opentelemetry-sdk-extension-autoconfigure-1.40.0.jar;C:\Users\OPTIPLEX 3040\.m2\repository\io\opentelemetry\opentelemetry-api-incubator\1.40.0-alpha\opentelemetry-api-incubator-1.40.0-alpha.jar;C:\Users\OPTIPLEX 3040\.m2\repository\io\opentelemetry\opentelemetry-sdk-trace\1.40.0\opentelemetry-sdk-trace-1.40.0.jar;C:\Users\OPTIPLEX 3040\.m2\repository\io\opentelemetry\opentelemetry-sdk\1.40.0\opentelemetry-sdk-1.40.0.jar;C:\Users\OPTIPLEX 3040\.m2\repository\io\opentelemetry\opentelemetry-sdk-metrics\1.40.0\opentelemetry-sdk-metrics-1.40.0.jar;C:\Users\OPTIPLEX 3040\.m2\repository\io\opentelemetry\opentelemetry-sdk-logs\1.40.0\opentelemetry-sdk-logs-1.40.0.jar;C:\Users\OPTIPLEX 3040\.m2\repository\net\bytebuddy\byte-buddy\1.14.18\byte-buddy-1.14.18.jar;C:\Users\OPTIPLEX 3040\.m2\repository\org\seleniumhq\selenium\selenium-http\4.23.0\selenium-http-4.23.0.jar;C:\Users\OPTIPLEX 3040\.m2\repository\dev\failsafe\failsafe\3.3.2\failsafe-3.3.2.jar;C:\Users\OPTIPLEX 3040\.m2\repository\org\seleniumhq\selenium\selenium-json\4.23.0\selenium-json-4.23.0.jar;C:\Users\OPTIPLEX 3040\.m2\repository\org\seleniumhq\selenium\selenium-manager\4.23.0\selenium-manager-4.23.0.jar;C:\Users\OPTIPLEX 3040\.m2\repository\org\seleniumhq\selenium\selenium-os\4.23.0\selenium-os-4.23.0.jar;C:\Users\OPTIPLEX 3040\.m2\repository\org\apache\commons\commons-exec\1.4.0\commons-exec-1.4.0.jar;C:\Users\OPTIPLEX 3040\.m2\repository\org\seleniumhq\selenium\selenium-support\4.23.0\selenium-support-4.23.0.jar;C:\Users\OPTIPLEX 3040\.m2\repository\com\google\code\gson\gson\2.11.0\gson-2.11.0.jar;C:\Users\OPTIPLEX 3040\.m2\repository\com\google\errorprone\error_prone_annotations\2.27.0\error_prone_annotations-2.27.0.jar;C:\Users\OPTIPLEX 3040\.m2\repository\org\slf4j\slf4j-api\2.0.13\slf4j-api-2.0.13.jar;C:\Users\OPTIPLEX 3040\.m2\repository\org\json\json\20240303\json-20240303.jar;C:\Users\OPTIPLEX 3040\.m2\repository\org\apache\logging\log4j\log4j-api\2.23.1\log4j-api-2.23.1.jar;C:\Users\OPTIPLEX 3040\.m2\repository\org\apache\logging\log4j\log4j-core\2.23.1\log4j-core-2.23.1.jar;C:\Users\OPTIPLEX 3040\.m2\repository\commons-codec\commons-codec\1.17.1\commons-codec-1.17.1.jar;C:\Users\OPTIPLEX 3040\.m2\repository\commons-io\commons-io\2.16.1\commons-io-2.16.1.jar;C:\Users\OPTIPLEX 3040\.m2\repository\org\apache\maven\plugins\maven-surefire-plugin\3.3.1\maven-surefire-plugin-3.3.1.jar;C:\Users\OPTIPLEX 3040\.m2\repository\org\apache\maven\surefire\surefire-api\3.3.1\surefire-api-3.3.1.jar;C:\Users\OPTIPLEX 3040\.m2\repository\org\apache\maven\surefire\surefire-logger-api\3.3.1\surefire-logger-api-3.3.1.jar;C:\Users\OPTIPLEX 3040\.m2\repository\org\apache\maven\surefire\surefire-shared-utils\3.3.1\surefire-shared-utils-3.3.1.jar;C:\Users\OPTIPLEX 3040\.m2\repository\org\apache\maven\surefire\surefire-extensions-api\3.3.1\surefire-extensions-api-3.3.1.jar;C:\Users\OPTIPLEX 3040\.m2\repository\org\apache\maven\surefire\maven-surefire-common\3.3.1\maven-surefire-common-3.3.1.jar;C:\Users\OPTIPLEX 3040\.m2\repository\org\apache\maven\surefire\surefire-booter\3.3.1\surefire-booter-3.3.1.jar;C:\Users\OPTIPLEX 3040\.m2\repository\org\apache\maven\surefire\surefire-extensions-spi\3.3.1\surefire-extensions-spi-3.3.1.jar;C:\Users\OPTIPLEX 3040\.m2\repository\org\apache\maven\resolver\maven-resolver-util\1.4.1\maven-resolver-util-1.4.1.jar;C:\Users\OPTIPLEX 3040\.m2\repository\org\apache\maven\resolver\maven-resolver-api\1.4.1\maven-resolver-api-1.4.1.jar;C:\Users\OPTIPLEX 3040\.m2\repository\org\apache\maven\shared\maven-common-artifact-filters\3.4.0\maven-common-artifact-filters-3.4.0.jar;C:\Users\OPTIPLEX 3040\.m2\repository\org\codehaus\plexus\plexus-java\1.2.0\plexus-java-1.2.0.jar;C:\Users\OPTIPLEX 3040\.m2\repository\org\ow2\asm\asm\9.6\asm-9.6.jar;C:\Users\OPTIPLEX 3040\.m2\repository\com\thoughtworks\qdox\qdox\2.0.3\qdox-2.0.3.jar;"/>
    <property name="sun.cpu.endian" value="little"/>
    <property name="user.home" value="C:\Users\OPTIPLEX 3040"/>
    <property name="user.language" value="en"/>
    <property name="java.specification.vendor" value="Oracle Corporation"/>
    <property name="java.version.date" value="2024-04-16"/>
    <property name="java.home" value="C:\Program Files\Java\jdk-22"/>
    <property name="file.separator" value="\"/>
    <property name="basedir" value="C:\Users\OPTIPLEX 3040\eclipse-workspace\appiumCucumberFramework"/>
    <property name="java.vm.compressedOopsMode" value="Zero based"/>
    <property name="line.separator" value="&#10;"/>
    <property name="java.vm.specification.vendor" value="Oracle Corporation"/>
    <property name="java.specification.name" value="Java Platform API Specification"/>
    <property name="surefire.real.class.path" value="C:\Users\OPTIPLEX 3040\AppData\Local\Temp\surefire14824975066903189389\surefirebooter-20240809141618823_3.jar"/>
    <property name="user.script" value=""/>
    <property name="sun.management.compiler" value="HotSpot 64-Bit Tiered Compilers"/>
    <property name="java.runtime.version" value="22.0.1+8-16"/>
    <property name="user.name" value="OPTIPLEX 3040"/>
    <property name="stdout.encoding" value="Cp1252"/>
    <property name="path.separator" value=";"/>
    <property name="os.version" value="10.0"/>
    <property name="java.runtime.name" value="Java(TM) SE Runtime Environment"/>
    <property name="file.encoding" value="UTF-8"/>
    <property name="java.vm.name" value="Java HotSpot(TM) 64-Bit Server VM"/>
    <property name="platformName" value="Android"/>
    <property name="udid" value="emulator-5554"/>
    <property name="localRepository" value="C:\Users\OPTIPLEX 3040\.m2\repository"/>
    <property name="java.vendor.url.bug" value="https://bugreport.java.com/bugreport/"/>
    <property name="java.io.tmpdir" value="C:\Users\OPTIPL~1\AppData\Local\Temp\"/>
    <property name="java.version" value="22.0.1"/>
    <property name="user.dir" value="C:\Users\OPTIPLEX 3040\eclipse-workspace\appiumCucumberFramework"/>
    <property name="os.arch" value="amd64"/>
    <property name="java.vm.specification.name" value="Java Virtual Machine Specification"/>
    <property name="sun.os.patch.level" value=""/>
    <property name="native.encoding" value="Cp1252"/>
    <property name="java.library.path" value="C:\Program Files\Java\jdk-22\bin;C:\Windows\Sun\Java\bin;C:\Windows\system32;C:\Windows;C:\Program Files\Common Files\Oracle\Java\javapath;C:\Python312\Scripts\;C:\Python312\;C:\Windows\system32;C:\Windows;C:\Windows\System32\Wbem;C:\Windows\System32\WindowsPowerShell\v1.0\;C:\Windows\System32\OpenSSH\;C:\ProgramData\chocolatey\bin;C:\Program Files\apache-maven-3.9.8\bin;C:\Users\OPTIPLEX 3040\AppData\Local\Android\Sdk\platform-tools;C:\Users\OPTIPLEX 3040\AppData\Roaming\nvm;C:\Program Files\nodejs;C:\Program Files\Java\jdk-22\bin;C:\Users\OPTIPLEX 3040\AppData\Local\Android\Sdk\emulator;C:\Users\OPTIPLEX 3040\AppData\Local\Android\Sdk\cmdline-tools;C:\Users\OPTIPLEX 3040\AppData\Local\Android\Sdk\cmdline-tools\latest\bin;C:\Users\OPTIPLEX 3040\AppData\Local\Microsoft\WindowsApps;C:\Users\OPTIPLEX 3040\AppData\Roaming\npm;C:\Users\OPTIPLEX 3040\AppData\Local\Programs\Microsoft VS Code\bin;C:\Users\OPTIPLEX 3040\AppData\Roaming\nvm;C:\Program Files\nodejs;."/>
    <property name="java.vm.info" value="mixed mode, sharing"/>
    <property name="stderr.encoding" value="Cp1252"/>
    <property name="java.vendor" value="Oracle Corporation"/>
    <property name="java.vm.version" value="22.0.1+8-16"/>
    <property name="sun.io.unicode.encoding" value="UnicodeLittle"/>
    <property name="java.class.version" value="66.0"/>
  </properties>
  <testcase name="Login with invalid username" classname="Login scenarios" time="25.392">
    <failure message="expected:&lt;[Username and password do not match any user in this service.]&gt; but was:&lt;[Error]&gt;" type="org.junit.ComparisonFailure"><![CDATA[org.junit.ComparisonFailure: expected:<[Username and password do not match any user in this service.]> but was:<[Error]>
	at org.junit.Assert.assertEquals(Assert.java:117)
	at org.junit.Assert.assertEquals(Assert.java:146)
	at stepdef.LoginStepDef.loginShouldFailWithError(LoginStepDef.java:33)
	at ✽.login should fail with error "Error"(file:///C:/Users/OPTIPLEX%203040/eclipse-workspace/appiumCucumberFramework/src/test/resources/Login.feature:9)
]]></failure>
    <system-out><![CDATA[
@test
Scenario Outline: Login with invalid username # src/test/resources/Login.feature:13
[INFO ] 2024-08-09 14:16:20.611 ServerManager:24 - Starting Appium server
&amp#27;[38;5;112m[Appium]&amp#27;[0m Welcome to Appium v2.11.1
&amp#27;[38;5;112m[Appium]&amp#27;[0m Non-default server args:
&amp#27;[38;5;112m[Appium]&amp#27;[0m { port: &amp#27;[33m44148&amp#27;[39m, sessionOverride: &amp#27;[33mtrue&amp#27;[39m }
&amp#27;[38;5;112m[Appium]&amp#27;[0m The autodetected Appium home path: C:\Users\OPTIPLEX 3040\.appium
&amp#27;[38;5;112m[Appium]&amp#27;[0m Attempting to load driver uiautomator2...
&amp#27;[38;5;112m[Appium]&amp#27;[0m Attempting to load driver xcuitest...
&amp#27;[38;5;112m[Appium]&amp#27;[0m Requiring driver at C:\Users\OPTIPLEX 3040\.appium\node_modules\appium-uiautomator2-driver\build\index.js
&amp#27;[38;5;112m[Appium]&amp#27;[0m Requiring driver at C:\Users\OPTIPLEX 3040\.appium\node_modules\appium-xcuitest-driver\build\index.js
&amp#27;[38;5;112m[Appium]&amp#27;[0m AndroidUiautomator2Driver has been successfully loaded in 2.059s
&amp#27;[38;5;112m[Appium]&amp#27;[0m XCUITestDriver has been successfully loaded in 2.060s
&amp#27;[38;5;112m[Appium]&amp#27;[0m Appium REST http interface listener started on http://0.0.0.0:44148
&amp#27;[38;5;112m[Appium]&amp#27;[0m You can provide the following URLs in your client code to connect to this server:
	http://192.168.8.107:44148/
	http://127.0.0.1:44148/ (only accessible from the same host)
&amp#27;[38;5;112m[Appium]&amp#27;[0m Available drivers:
&amp#27;[38;5;112m[Appium]&amp#27;[0m   - uiautomator2@3.7.1 (automationName 'UiAutomator2')
&amp#27;[38;5;112m[Appium]&amp#27;[0m   - xcuitest@7.23.0 (automationName 'XCUITest')
&amp#27;[38;5;112m[Appium]&amp#27;[0m Available plugins:
&amp#27;[38;5;112m[Appium]&amp#27;[0m   - images@3.0.16
&amp#27;[38;5;112m[Appium]&amp#27;[0m   - execute-driver@3.0.31
&amp#27;[38;5;112m[Appium]&amp#27;[0m No plugins activated. Use the --use-plugins flag with names of plugins to activate
&amp#27;[38;5;86m[HTTP]&amp#27;[0m &amp#27;[37m-->&amp#27;[39m &amp#27;[37mGET&amp#27;[39m &amp#27;[37m/status&amp#27;[39m &amp#27;[90m{}&amp#27;[39m
&amp#27;[38;5;131m[AppiumDriver@2937]&amp#27;[0m Calling AppiumDriver.getStatus() with args: []
&amp#27;[38;5;131m[AppiumDriver@2937]&amp#27;[0m Responding to client with driver.getStatus() result: {"ready":true,"message":"The server is ready to accept new connections","build":{"version":"2.11.1"}}
&amp#27;[38;5;86m[HTTP]&amp#27;[0m &amp#27;[37m<-- GET /status &amp#27;[39m&amp#27;[32m200&amp#27;[39m &amp#27;[90m10 ms - 111&amp#27;[39m &amp#27;[90m&amp#27;[39m
&amp#27;[38;5;86m[HTTP]&amp#27;[0m &amp#27;[37m-->&amp#27;[39m &amp#27;[37mGET&amp#27;[39m &amp#27;[37m/status&amp#27;[39m &amp#27;[90m{}&amp#27;[39m
&amp#27;[38;5;131m[AppiumDriver@2937]&amp#27;[0m Calling AppiumDriver.getStatus() with args: []
&amp#27;[38;5;131m[AppiumDriver@2937]&amp#27;[0m Responding to client with driver.getStatus() result: {"ready":true,"message":"The server is ready to accept new connections","build":{"version":"2.11.1"}}
[INFO ] 2024-08-09 14:16:24.889 ServerManager:34 - Appium server started
[INFO ] 2024-08-09 14:16:24.906 DriverManager:28 - Initializing driver
[INFO ] 2024-08-09 14:16:24.928 PropertyManager:18 - loading config file
[INFO ] 2024-08-09 14:16:24.929 CapabilitiesManager:18 - Getting capabilities
[INFO ] 2024-08-09 14:16:36.169 DriverManager:41 - Driver is initialized
[INFO ] 2024-08-09 14:16:39.699 BasePage:74 - login with username
  When I enter username  as "username"        # stepdef.LoginStepDef.iEnterUsernameAs(java.lang.String)
[INFO ] 2024-08-09 14:16:41.001 BasePage:74 - password is password
  And I enter password as "password"          # stepdef.LoginStepDef.iEnterPasswordAs(java.lang.String)
[INFO ] 2024-08-09 14:16:42.146 BasePage:57 - press login button
  And click login button                      # stepdef.LoginStepDef.clickLoginButton()
[INFO ] 2024-08-09 14:16:44.476 BasePage:100 - error text is - Username and password do not match any user in this service.
  Then login should fail with error "Error"   # stepdef.LoginStepDef.loginShouldFailWithError(java.lang.String)
      org.junit.ComparisonFailure: expected:<[Username and password do not match any user in this service.]> but was:<[Error]>
	at org.junit.Assert.assertEquals(Assert.java:117)
	at org.junit.Assert.assertEquals(Assert.java:146)
	at stepdef.LoginStepDef.loginShouldFailWithError(LoginStepDef.java:33)
	at ✽.login should fail with error "Error"(file:///C:/Users/OPTIPLEX%203040/eclipse-workspace/appiumCucumberFramework/src/test/resources/Login.feature:9)

]]></system-out>
    <system-err><![CDATA[SLF4J(W): No SLF4J providers were found.
SLF4J(W): Defaulting to no-operation (NOP) logger implementation
SLF4J(W): See https://www.slf4j.org/codes.html#noProviders for further details.
]]></system-err>
  </testcase>
</testsuite>